action: pep8, msg: developpkg
cwd: /Users/filipvukelic/Desktop/projects/test/flocx-market
cmd: /Users/filipvukelic/Desktop/projects/test/flocx-market/.tox/pep8/bin/pip install -U --exists-action w -e .
Obtaining file:///Users/filipvukelic/Desktop/projects/test/flocx-market
Requirement already satisfied, skipping upgrade: pbr!=2.1.0,>=2.0.0 in ./.tox/pep8/lib/python3.6/site-packages (from flocx-market==0.0.1.dev6) (5.3.1)
Requirement already satisfied, skipping upgrade: pycodestyle>=2.5.0 in ./.tox/pep8/lib/python3.6/site-packages (from flocx-market==0.0.1.dev6) (2.5.0)
Requirement already satisfied, skipping upgrade: Pecan>=1.3.3 in ./.tox/pep8/lib/python3.6/site-packages (from flocx-market==0.0.1.dev6) (1.3.3)
Requirement already satisfied, skipping upgrade: alembic>=0.8.10 in ./.tox/pep8/lib/python3.6/site-packages (from flocx-market==0.0.1.dev6) (1.0.10)
Requirement already satisfied, skipping upgrade: keystonemiddleware>=4.17.0 in ./.tox/pep8/lib/python3.6/site-packages (from flocx-market==0.0.1.dev6) (6.1.0)
Requirement already satisfied, skipping upgrade: SQLAlchemy!=1.1.5,!=1.1.6,!=1.1.7,!=1.1.8,>=1.0.10 in ./.tox/pep8/lib/python3.6/site-packages (from flocx-market==0.0.1.dev6) (1.3.5)
Requirement already satisfied, skipping upgrade: wheel>=0.33.4 in ./.tox/pep8/lib/python3.6/site-packages (from flocx-market==0.0.1.dev6) (0.33.4)
Requirement already satisfied, skipping upgrade: WSME>=0.8.0 in ./.tox/pep8/lib/python3.6/site-packages (from flocx-market==0.0.1.dev6) (0.9.3)
Requirement already satisfied, skipping upgrade: PyMySQL>=0.9.3 in ./.tox/pep8/lib/python3.6/site-packages (from flocx-market==0.0.1.dev6) (0.9.3)
Requirement already satisfied, skipping upgrade: tox>=3.12.1 in ./.tox/pep8/lib/python3.6/site-packages (from flocx-market==0.0.1.dev6) (3.12.1)
Requirement already satisfied, skipping upgrade: flake8>=3.7.7 in ./.tox/pep8/lib/python3.6/site-packages (from flocx-market==0.0.1.dev6) (3.7.7)
Requirement already satisfied, skipping upgrade: six in ./.tox/pep8/lib/python3.6/site-packages (from Pecan>=1.3.3->flocx-market==0.0.1.dev6) (1.12.0)
Requirement already satisfied, skipping upgrade: WebTest>=1.3.1 in ./.tox/pep8/lib/python3.6/site-packages (from Pecan>=1.3.3->flocx-market==0.0.1.dev6) (2.0.33)
Requirement already satisfied, skipping upgrade: WebOb>=1.2dev in ./.tox/pep8/lib/python3.6/site-packages (from Pecan>=1.3.3->flocx-market==0.0.1.dev6) (1.8.5)
Requirement already satisfied, skipping upgrade: Mako>=0.4.0 in ./.tox/pep8/lib/python3.6/site-packages (from Pecan>=1.3.3->flocx-market==0.0.1.dev6) (1.0.12)
Requirement already satisfied, skipping upgrade: logutils>=0.3 in ./.tox/pep8/lib/python3.6/site-packages (from Pecan>=1.3.3->flocx-market==0.0.1.dev6) (0.3.5)
Requirement already satisfied, skipping upgrade: python-editor>=0.3 in ./.tox/pep8/lib/python3.6/site-packages (from alembic>=0.8.10->flocx-market==0.0.1.dev6) (1.0.4)
Requirement already satisfied, skipping upgrade: python-dateutil in ./.tox/pep8/lib/python3.6/site-packages (from alembic>=0.8.10->flocx-market==0.0.1.dev6) (2.8.0)
Requirement already satisfied, skipping upgrade: oslo.config>=5.2.0 in ./.tox/pep8/lib/python3.6/site-packages (from keystonemiddleware>=4.17.0->flocx-market==0.0.1.dev6) (6.10.0)
Requirement already satisfied, skipping upgrade: oslo.serialization!=2.19.1,>=2.18.0 in ./.tox/pep8/lib/python3.6/site-packages (from keystonemiddleware>=4.17.0->flocx-market==0.0.1.dev6) (2.29.1)
Requirement already satisfied, skipping upgrade: keystoneauth1>=3.4.0 in ./.tox/pep8/lib/python3.6/site-packages (from keystonemiddleware>=4.17.0->flocx-market==0.0.1.dev6) (3.14.0)
Requirement already satisfied, skipping upgrade: oslo.i18n>=3.15.3 in ./.tox/pep8/lib/python3.6/site-packages (from keystonemiddleware>=4.17.0->flocx-market==0.0.1.dev6) (3.23.1)
Requirement already satisfied, skipping upgrade: oslo.log>=3.36.0 in ./.tox/pep8/lib/python3.6/site-packages (from keystonemiddleware>=4.17.0->flocx-market==0.0.1.dev6) (3.44.0)
Requirement already satisfied, skipping upgrade: requests>=2.14.2 in ./.tox/pep8/lib/python3.6/site-packages (from keystonemiddleware>=4.17.0->flocx-market==0.0.1.dev6) (2.22.0)
Requirement already satisfied, skipping upgrade: oslo.utils>=3.33.0 in ./.tox/pep8/lib/python3.6/site-packages (from keystonemiddleware>=4.17.0->flocx-market==0.0.1.dev6) (3.41.0)
Requirement already satisfied, skipping upgrade: pycadf!=2.0.0,>=1.1.0 in ./.tox/pep8/lib/python3.6/site-packages (from keystonemiddleware>=4.17.0->flocx-market==0.0.1.dev6) (2.9.0)
Requirement already satisfied, skipping upgrade: oslo.context>=2.19.2 in ./.tox/pep8/lib/python3.6/site-packages (from keystonemiddleware>=4.17.0->flocx-market==0.0.1.dev6) (2.22.1)
Requirement already satisfied, skipping upgrade: oslo.cache>=1.26.0 in ./.tox/pep8/lib/python3.6/site-packages (from keystonemiddleware>=4.17.0->flocx-market==0.0.1.dev6) (1.36.0)
Requirement already satisfied, skipping upgrade: python-keystoneclient>=3.10.0 in ./.tox/pep8/lib/python3.6/site-packages (from keystonemiddleware>=4.17.0->flocx-market==0.0.1.dev6) (3.19.0)
Requirement already satisfied, skipping upgrade: netaddr>=0.7.12 in ./.tox/pep8/lib/python3.6/site-packages (from WSME>=0.8.0->flocx-market==0.0.1.dev6) (0.7.19)
Requirement already satisfied, skipping upgrade: simplegeneric in ./.tox/pep8/lib/python3.6/site-packages (from WSME>=0.8.0->flocx-market==0.0.1.dev6) (0.8.1)
Requirement already satisfied, skipping upgrade: pytz in ./.tox/pep8/lib/python3.6/site-packages (from WSME>=0.8.0->flocx-market==0.0.1.dev6) (2019.1)
Requirement already satisfied, skipping upgrade: pluggy<1,>=0.3.0 in ./.tox/pep8/lib/python3.6/site-packages (from tox>=3.12.1->flocx-market==0.0.1.dev6) (0.12.0)
Requirement already satisfied, skipping upgrade: py<2,>=1.4.17 in ./.tox/pep8/lib/python3.6/site-packages (from tox>=3.12.1->flocx-market==0.0.1.dev6) (1.8.0)
Requirement already satisfied, skipping upgrade: filelock<4,>=3.0.0 in ./.tox/pep8/lib/python3.6/site-packages (from tox>=3.12.1->flocx-market==0.0.1.dev6) (3.0.12)
Requirement already satisfied, skipping upgrade: virtualenv>=14.0.0 in ./.tox/pep8/lib/python3.6/site-packages (from tox>=3.12.1->flocx-market==0.0.1.dev6) (16.6.1)
Requirement already satisfied, skipping upgrade: toml>=0.9.4 in ./.tox/pep8/lib/python3.6/site-packages (from tox>=3.12.1->flocx-market==0.0.1.dev6) (0.10.0)
Requirement already satisfied, skipping upgrade: setuptools>=30.0.0 in ./.tox/pep8/lib/python3.6/site-packages (from tox>=3.12.1->flocx-market==0.0.1.dev6) (41.0.1)
Requirement already satisfied, skipping upgrade: pyflakes<2.2.0,>=2.1.0 in ./.tox/pep8/lib/python3.6/site-packages (from flake8>=3.7.7->flocx-market==0.0.1.dev6) (2.1.1)
Requirement already satisfied, skipping upgrade: entrypoints<0.4.0,>=0.3.0 in ./.tox/pep8/lib/python3.6/site-packages (from flake8>=3.7.7->flocx-market==0.0.1.dev6) (0.3)
Requirement already satisfied, skipping upgrade: mccabe<0.7.0,>=0.6.0 in ./.tox/pep8/lib/python3.6/site-packages (from flake8>=3.7.7->flocx-market==0.0.1.dev6) (0.6.1)
Requirement already satisfied, skipping upgrade: waitress>=0.8.5 in ./.tox/pep8/lib/python3.6/site-packages (from WebTest>=1.3.1->Pecan>=1.3.3->flocx-market==0.0.1.dev6) (1.3.0)
Requirement already satisfied, skipping upgrade: beautifulsoup4 in ./.tox/pep8/lib/python3.6/site-packages (from WebTest>=1.3.1->Pecan>=1.3.3->flocx-market==0.0.1.dev6) (4.7.1)
Requirement already satisfied, skipping upgrade: MarkupSafe>=0.9.2 in ./.tox/pep8/lib/python3.6/site-packages (from Mako>=0.4.0->Pecan>=1.3.3->flocx-market==0.0.1.dev6) (1.1.1)
Requirement already satisfied, skipping upgrade: debtcollector>=1.2.0 in ./.tox/pep8/lib/python3.6/site-packages (from oslo.config>=5.2.0->keystonemiddleware>=4.17.0->flocx-market==0.0.1.dev6) (1.21.0)
Requirement already satisfied, skipping upgrade: PyYAML>=3.12 in ./.tox/pep8/lib/python3.6/site-packages (from oslo.config>=5.2.0->keystonemiddleware>=4.17.0->flocx-market==0.0.1.dev6) (5.1.1)
Requirement already satisfied, skipping upgrade: rfc3986>=1.2.0 in ./.tox/pep8/lib/python3.6/site-packages (from oslo.config>=5.2.0->keystonemiddleware>=4.17.0->flocx-market==0.0.1.dev6) (1.3.2)
Requirement already satisfied, skipping upgrade: stevedore>=1.20.0 in ./.tox/pep8/lib/python3.6/site-packages (from oslo.config>=5.2.0->keystonemiddleware>=4.17.0->flocx-market==0.0.1.dev6) (1.30.1)
Requirement already satisfied, skipping upgrade: msgpack>=0.5.2 in ./.tox/pep8/lib/python3.6/site-packages (from oslo.serialization!=2.19.1,>=2.18.0->keystonemiddleware>=4.17.0->flocx-market==0.0.1.dev6) (0.6.1)
Requirement already satisfied, skipping upgrade: os-service-types>=1.2.0 in ./.tox/pep8/lib/python3.6/site-packages (from keystoneauth1>=3.4.0->keystonemiddleware>=4.17.0->flocx-market==0.0.1.dev6) (1.7.0)
Requirement already satisfied, skipping upgrade: iso8601>=0.1.11 in ./.tox/pep8/lib/python3.6/site-packages (from keystoneauth1>=3.4.0->keystonemiddleware>=4.17.0->flocx-market==0.0.1.dev6) (0.1.12)
Requirement already satisfied, skipping upgrade: Babel!=2.4.0,>=2.3.4 in ./.tox/pep8/lib/python3.6/site-packages (from oslo.i18n>=3.15.3->keystonemiddleware>=4.17.0->flocx-market==0.0.1.dev6) (2.7.0)
Requirement already satisfied, skipping upgrade: idna<2.9,>=2.5 in ./.tox/pep8/lib/python3.6/site-packages (from requests>=2.14.2->keystonemiddleware>=4.17.0->flocx-market==0.0.1.dev6) (2.8)
Requirement already satisfied, skipping upgrade: chardet<3.1.0,>=3.0.2 in ./.tox/pep8/lib/python3.6/site-packages (from requests>=2.14.2->keystonemiddleware>=4.17.0->flocx-market==0.0.1.dev6) (3.0.4)
Requirement already satisfied, skipping upgrade: urllib3!=1.25.0,!=1.25.1,<1.26,>=1.21.1 in ./.tox/pep8/lib/python3.6/site-packages (from requests>=2.14.2->keystonemiddleware>=4.17.0->flocx-market==0.0.1.dev6) (1.25.3)
Requirement already satisfied, skipping upgrade: certifi>=2017.4.17 in ./.tox/pep8/lib/python3.6/site-packages (from requests>=2.14.2->keystonemiddleware>=4.17.0->flocx-market==0.0.1.dev6) (2019.6.16)
Requirement already satisfied, skipping upgrade: pyparsing>=2.1.0 in ./.tox/pep8/lib/python3.6/site-packages (from oslo.utils>=3.33.0->keystonemiddleware>=4.17.0->flocx-market==0.0.1.dev6) (2.4.0)
Requirement already satisfied, skipping upgrade: netifaces>=0.10.4 in ./.tox/pep8/lib/python3.6/site-packages (from oslo.utils>=3.33.0->keystonemiddleware>=4.17.0->flocx-market==0.0.1.dev6) (0.10.9)
Requirement already satisfied, skipping upgrade: dogpile.cache>=0.6.2 in ./.tox/pep8/lib/python3.6/site-packages (from oslo.cache>=1.26.0->keystonemiddleware>=4.17.0->flocx-market==0.0.1.dev6) (0.7.1)
Requirement already satisfied, skipping upgrade: importlib-metadata>=0.12 in ./.tox/pep8/lib/python3.6/site-packages (from pluggy<1,>=0.3.0->tox>=3.12.1->flocx-market==0.0.1.dev6) (0.18)
Requirement already satisfied, skipping upgrade: soupsieve>=1.2 in ./.tox/pep8/lib/python3.6/site-packages (from beautifulsoup4->WebTest>=1.3.1->Pecan>=1.3.3->flocx-market==0.0.1.dev6) (1.9.1)
Requirement already satisfied, skipping upgrade: wrapt>=1.7.0 in ./.tox/pep8/lib/python3.6/site-packages (from debtcollector>=1.2.0->oslo.config>=5.2.0->keystonemiddleware>=4.17.0->flocx-market==0.0.1.dev6) (1.11.2)
Requirement already satisfied, skipping upgrade: decorator in ./.tox/pep8/lib/python3.6/site-packages (from dogpile.cache>=0.6.2->oslo.cache>=1.26.0->keystonemiddleware>=4.17.0->flocx-market==0.0.1.dev6) (4.4.0)
Requirement already satisfied, skipping upgrade: zipp>=0.5 in ./.tox/pep8/lib/python3.6/site-packages (from importlib-metadata>=0.12->pluggy<1,>=0.3.0->tox>=3.12.1->flocx-market==0.0.1.dev6) (0.5.1)
Installing collected packages: flocx-market
  Running setup.py develop for flocx-market
Successfully installed flocx-market
