action: pep8, msg: envreport
cwd: /Users/filipvukelic/Desktop/projects/test/flocx-market
cmd: /Users/filipvukelic/Desktop/projects/test/flocx-market/.tox/pep8/bin/python -m pip freeze
alembic==1.0.10
atomicwrites==1.3.0
attrs==19.1.0
Babel==2.7.0
beautifulsoup4==4.7.1
certifi==2019.6.16
chardet==3.0.4
debtcollector==1.21.0
decorator==4.4.0
dogpile.cache==0.7.1
entrypoints==0.3
filelock==3.0.12
flake8==3.7.7
-e git+https://github.com/fvukelic/flocx-market.git@631dba3d78b1bbb3681c6d97aa50ea6a1dd7f260#egg=flocx_market
idna==2.8
importlib-metadata==0.18
iso8601==0.1.12
keystoneauth1==3.14.0
keystonemiddleware==6.1.0
logutils==0.3.5
Mako==1.0.12
MarkupSafe==1.1.1
mccabe==0.6.1
more-itertools==7.0.0
msgpack==0.6.1
netaddr==0.7.19
netifaces==0.10.9
os-service-types==1.7.0
oslo.cache==1.36.0
oslo.config==6.10.0
oslo.context==2.22.1
oslo.i18n==3.23.1
oslo.log==3.44.0
oslo.serialization==2.29.1
oslo.utils==3.41.0
packaging==19.0
pbr==5.3.1
pecan==1.3.3
pluggy==0.12.0
py==1.8.0
pycadf==2.9.0
pycodestyle==2.5.0
pyflakes==2.1.1
PyMySQL==0.9.3
pyparsing==2.4.0
pytest==4.6.3
python-dateutil==2.8.0
python-editor==1.0.4
python-keystoneclient==3.19.0
pytz==2019.1
PyYAML==5.1.1
requests==2.22.0
rfc3986==1.3.2
simplegeneric==0.8.1
six==1.12.0
soupsieve==1.9.1
SQLAlchemy==1.3.5
stevedore==1.30.1
toml==0.10.0
tox==3.12.1
urllib3==1.25.3
virtualenv==16.6.1
waitress==1.3.0
wcwidth==0.1.7
WebOb==1.8.5
WebTest==2.0.33
wrapt==1.11.2
WSME==0.9.3
zipp==0.5.1
